<?xml version="1.0" encoding="UTF-8"?>
<!-- Generated by org.testng.reporters.JUnitReportReporter -->
<testsuite hostname="DESKTOP-KQ0EMK1" failures="0" tests="1" name="runners.AddCustomerRunner" time="113.740" errors="0" timestamp="2024-03-01T23:42:40 CST" skipped="0">
  <testcase classname="runners.AddCustomerRunner" name="feature" time="113.740"/>
  <system-out/>
</testsuite> <!-- runners.AddCustomerRunner -->
